<?xml version="1.0" encoding="UTF-8"?>
<testng-results ignored="0" total="8" passed="8" failed="0" skipped="0">
  <reporter-output>
  </reporter-output>
  <suite started-at="2021-05-17T17:35:03 EDT" name="Default suite" finished-at="2021-05-17T17:36:13 EDT" duration-ms="69333">
    <groups>
    </groups>
    <test started-at="2021-05-17T17:35:03 EDT" name="Default test" finished-at="2021-05-17T17:36:13 EDT" duration-ms="69333">
      <class name="com.TestCases.BNSPageTest">
        <test-method is-config="true" signature="setup()[pri:0, instance:com.TestCases.BNSPageTest@bae7dc0]" started-at="2021-05-17T17:35:03 EDT" name="setup" finished-at="2021-05-17T17:35:07 EDT" duration-ms="3974" status="PASS">
          <reporter-output>
          </reporter-output>
        </test-method> <!-- setup -->
        <test-method signature="ExcelTest(java.lang.String,java.lang.String,java.lang.String,java.lang.String,java.lang.String,java.lang.String,java.lang.String,java.lang.String,java.lang.String)[pri:0, instance:com.TestCases.BNSPageTest@bae7dc0]" started-at="2021-05-17T17:35:11 EDT" name="ExcelTest" data-provider="bnsdata" finished-at="2021-05-17T17:35:26 EDT" duration-ms="14403" status="PASS">
          <params>
            <param index="0">
              <value>
                <![CDATA[Ataur]]>
              </value>
            </param>
            <param index="1">
              <value>
                <![CDATA[Tarfader]]>
              </value>
            </param>
            <param index="2">
              <value>
                <![CDATA[ataur@yahoo.com]]>
              </value>
            </param>
            <param index="3">
              <value>
                <![CDATA[ata321]]>
              </value>
            </param>
            <param index="4">
              <value>
                <![CDATA[347-344-3490]]>
              </value>
            </param>
            <param index="5">
              <value>
                <![CDATA[Jan]]>
              </value>
            </param>
            <param index="6">
              <value>
                <![CDATA[10]]>
              </value>
            </param>
            <param index="7">
              <value>
                <![CDATA[2001]]>
              </value>
            </param>
            <param index="8">
              <value>
                <![CDATA[Male]]>
              </value>
            </param>
          </params>
          <reporter-output>
          </reporter-output>
        </test-method> <!-- ExcelTest -->
        <test-method is-config="true" signature="teatdown(org.testng.ITestResult)[pri:0, instance:com.TestCases.BNSPageTest@bae7dc0]" started-at="2021-05-17T17:35:26 EDT" name="teatdown" finished-at="2021-05-17T17:35:26 EDT" duration-ms="125" status="PASS">
          <params>
            <param index="0">
              <value>
                <![CDATA[[TestResult name=ExcelTest status=SUCCESS method=BNSPageTest.ExcelTest(java.lang.String,java.lang.String,java.lang.String,java.lang.String,java.lang.String,java.lang.String,java.lang.String,java.lang.String,java.lang.String)[pri:0, instance:com.TestCases.BNSPageTest@bae7dc0] output={null}]]]>
              </value>
            </param>
          </params>
          <reporter-output>
          </reporter-output>
        </test-method> <!-- teatdown -->
        <test-method signature="ExcelTest(java.lang.String,java.lang.String,java.lang.String,java.lang.String,java.lang.String,java.lang.String,java.lang.String,java.lang.String,java.lang.String)[pri:0, instance:com.TestCases.BNSPageTest@bae7dc0]" started-at="2021-05-17T17:35:26 EDT" name="ExcelTest" data-provider="bnsdata" finished-at="2021-05-17T17:35:33 EDT" duration-ms="7057" status="PASS">
          <params>
            <param index="0">
              <value>
                <![CDATA[Farhana]]>
              </value>
            </param>
            <param index="1">
              <value>
                <![CDATA[Zaman]]>
              </value>
            </param>
            <param index="2">
              <value>
                <![CDATA[farhna@gmail.com]]>
              </value>
            </param>
            <param index="3">
              <value>
                <![CDATA[321farhan]]>
              </value>
            </param>
            <param index="4">
              <value>
                <![CDATA[347-344-3491]]>
              </value>
            </param>
            <param index="5">
              <value>
                <![CDATA[Feb]]>
              </value>
            </param>
            <param index="6">
              <value>
                <![CDATA[11]]>
              </value>
            </param>
            <param index="7">
              <value>
                <![CDATA[2002]]>
              </value>
            </param>
            <param index="8">
              <value>
                <![CDATA[Female]]>
              </value>
            </param>
          </params>
          <reporter-output>
          </reporter-output>
        </test-method> <!-- ExcelTest -->
        <test-method is-config="true" signature="teatdown(org.testng.ITestResult)[pri:0, instance:com.TestCases.BNSPageTest@bae7dc0]" started-at="2021-05-17T17:35:33 EDT" name="teatdown" finished-at="2021-05-17T17:35:33 EDT" duration-ms="1" status="PASS">
          <params>
            <param index="0">
              <value>
                <![CDATA[[TestResult name=ExcelTest status=SUCCESS method=BNSPageTest.ExcelTest(java.lang.String,java.lang.String,java.lang.String,java.lang.String,java.lang.String,java.lang.String,java.lang.String,java.lang.String,java.lang.String)[pri:0, instance:com.TestCases.BNSPageTest@bae7dc0] output={null}]]]>
              </value>
            </param>
          </params>
          <reporter-output>
          </reporter-output>
        </test-method> <!-- teatdown -->
        <test-method signature="ExcelTest(java.lang.String,java.lang.String,java.lang.String,java.lang.String,java.lang.String,java.lang.String,java.lang.String,java.lang.String,java.lang.String)[pri:0, instance:com.TestCases.BNSPageTest@bae7dc0]" started-at="2021-05-17T17:35:33 EDT" name="ExcelTest" data-provider="bnsdata" finished-at="2021-05-17T17:35:39 EDT" duration-ms="6676" status="PASS">
          <params>
            <param index="0">
              <value>
                <![CDATA[Parveen]]>
              </value>
            </param>
            <param index="1">
              <value>
                <![CDATA[Sultana]]>
              </value>
            </param>
            <param index="2">
              <value>
                <![CDATA[sultana@yahoo.com]]>
              </value>
            </param>
            <param index="3">
              <value>
                <![CDATA[sul65na]]>
              </value>
            </param>
            <param index="4">
              <value>
                <![CDATA[347-344-3492]]>
              </value>
            </param>
            <param index="5">
              <value>
                <![CDATA[Mar]]>
              </value>
            </param>
            <param index="6">
              <value>
                <![CDATA[12]]>
              </value>
            </param>
            <param index="7">
              <value>
                <![CDATA[2003]]>
              </value>
            </param>
            <param index="8">
              <value>
                <![CDATA[Female]]>
              </value>
            </param>
          </params>
          <reporter-output>
          </reporter-output>
        </test-method> <!-- ExcelTest -->
        <test-method is-config="true" signature="teatdown(org.testng.ITestResult)[pri:0, instance:com.TestCases.BNSPageTest@bae7dc0]" started-at="2021-05-17T17:35:39 EDT" name="teatdown" finished-at="2021-05-17T17:35:39 EDT" duration-ms="1" status="PASS">
          <params>
            <param index="0">
              <value>
                <![CDATA[[TestResult name=ExcelTest status=SUCCESS method=BNSPageTest.ExcelTest(java.lang.String,java.lang.String,java.lang.String,java.lang.String,java.lang.String,java.lang.String,java.lang.String,java.lang.String,java.lang.String)[pri:0, instance:com.TestCases.BNSPageTest@bae7dc0] output={null}]]]>
              </value>
            </param>
          </params>
          <reporter-output>
          </reporter-output>
        </test-method> <!-- teatdown -->
        <test-method signature="ExcelTest(java.lang.String,java.lang.String,java.lang.String,java.lang.String,java.lang.String,java.lang.String,java.lang.String,java.lang.String,java.lang.String)[pri:0, instance:com.TestCases.BNSPageTest@bae7dc0]" started-at="2021-05-17T17:35:39 EDT" name="ExcelTest" data-provider="bnsdata" finished-at="2021-05-17T17:35:46 EDT" duration-ms="6231" status="PASS">
          <params>
            <param index="0">
              <value>
                <![CDATA[Ataur]]>
              </value>
            </param>
            <param index="1">
              <value>
                <![CDATA[Tarfader]]>
              </value>
            </param>
            <param index="2">
              <value>
                <![CDATA[ataur@yahoo.com]]>
              </value>
            </param>
            <param index="3">
              <value>
                <![CDATA[ata322]]>
              </value>
            </param>
            <param index="4">
              <value>
                <![CDATA[347-344-3493]]>
              </value>
            </param>
            <param index="5">
              <value>
                <![CDATA[Apr]]>
              </value>
            </param>
            <param index="6">
              <value>
                <![CDATA[13]]>
              </value>
            </param>
            <param index="7">
              <value>
                <![CDATA[2004]]>
              </value>
            </param>
            <param index="8">
              <value>
                <![CDATA[Male]]>
              </value>
            </param>
          </params>
          <reporter-output>
          </reporter-output>
        </test-method> <!-- ExcelTest -->
        <test-method is-config="true" signature="teatdown(org.testng.ITestResult)[pri:0, instance:com.TestCases.BNSPageTest@bae7dc0]" started-at="2021-05-17T17:35:46 EDT" name="teatdown" finished-at="2021-05-17T17:35:46 EDT" duration-ms="0" status="PASS">
          <params>
            <param index="0">
              <value>
                <![CDATA[[TestResult name=ExcelTest status=SUCCESS method=BNSPageTest.ExcelTest(java.lang.String,java.lang.String,java.lang.String,java.lang.String,java.lang.String,java.lang.String,java.lang.String,java.lang.String,java.lang.String)[pri:0, instance:com.TestCases.BNSPageTest@bae7dc0] output={null}]]]>
              </value>
            </param>
          </params>
          <reporter-output>
          </reporter-output>
        </test-method> <!-- teatdown -->
        <test-method signature="ExcelTest(java.lang.String,java.lang.String,java.lang.String,java.lang.String,java.lang.String,java.lang.String,java.lang.String,java.lang.String,java.lang.String)[pri:0, instance:com.TestCases.BNSPageTest@bae7dc0]" started-at="2021-05-17T17:35:46 EDT" name="ExcelTest" data-provider="bnsdata" finished-at="2021-05-17T17:35:52 EDT" duration-ms="6171" status="PASS">
          <params>
            <param index="0">
              <value>
                <![CDATA[Farhana]]>
              </value>
            </param>
            <param index="1">
              <value>
                <![CDATA[Zaman]]>
              </value>
            </param>
            <param index="2">
              <value>
                <![CDATA[farhna@gmail.com]]>
              </value>
            </param>
            <param index="3">
              <value>
                <![CDATA[321farhan]]>
              </value>
            </param>
            <param index="4">
              <value>
                <![CDATA[347-344-3494]]>
              </value>
            </param>
            <param index="5">
              <value>
                <![CDATA[May]]>
              </value>
            </param>
            <param index="6">
              <value>
                <![CDATA[14]]>
              </value>
            </param>
            <param index="7">
              <value>
                <![CDATA[2005]]>
              </value>
            </param>
            <param index="8">
              <value>
                <![CDATA[Female]]>
              </value>
            </param>
          </params>
          <reporter-output>
          </reporter-output>
        </test-method> <!-- ExcelTest -->
        <test-method is-config="true" signature="teatdown(org.testng.ITestResult)[pri:0, instance:com.TestCases.BNSPageTest@bae7dc0]" started-at="2021-05-17T17:35:52 EDT" name="teatdown" finished-at="2021-05-17T17:35:52 EDT" duration-ms="0" status="PASS">
          <params>
            <param index="0">
              <value>
                <![CDATA[[TestResult name=ExcelTest status=SUCCESS method=BNSPageTest.ExcelTest(java.lang.String,java.lang.String,java.lang.String,java.lang.String,java.lang.String,java.lang.String,java.lang.String,java.lang.String,java.lang.String)[pri:0, instance:com.TestCases.BNSPageTest@bae7dc0] output={null}]]]>
              </value>
            </param>
          </params>
          <reporter-output>
          </reporter-output>
        </test-method> <!-- teatdown -->
        <test-method signature="ExcelTest(java.lang.String,java.lang.String,java.lang.String,java.lang.String,java.lang.String,java.lang.String,java.lang.String,java.lang.String,java.lang.String)[pri:0, instance:com.TestCases.BNSPageTest@bae7dc0]" started-at="2021-05-17T17:35:52 EDT" name="ExcelTest" data-provider="bnsdata" finished-at="2021-05-17T17:35:58 EDT" duration-ms="6163" status="PASS">
          <params>
            <param index="0">
              <value>
                <![CDATA[Parveen]]>
              </value>
            </param>
            <param index="1">
              <value>
                <![CDATA[Sultana]]>
              </value>
            </param>
            <param index="2">
              <value>
                <![CDATA[sultana@yahoo.com]]>
              </value>
            </param>
            <param index="3">
              <value>
                <![CDATA[sul65na]]>
              </value>
            </param>
            <param index="4">
              <value>
                <![CDATA[347-344-3495]]>
              </value>
            </param>
            <param index="5">
              <value>
                <![CDATA[Jun]]>
              </value>
            </param>
            <param index="6">
              <value>
                <![CDATA[15]]>
              </value>
            </param>
            <param index="7">
              <value>
                <![CDATA[2006]]>
              </value>
            </param>
            <param index="8">
              <value>
                <![CDATA[Female]]>
              </value>
            </param>
          </params>
          <reporter-output>
          </reporter-output>
        </test-method> <!-- ExcelTest -->
        <test-method is-config="true" signature="teatdown(org.testng.ITestResult)[pri:0, instance:com.TestCases.BNSPageTest@bae7dc0]" started-at="2021-05-17T17:35:58 EDT" name="teatdown" finished-at="2021-05-17T17:35:58 EDT" duration-ms="1" status="PASS">
          <params>
            <param index="0">
              <value>
                <![CDATA[[TestResult name=ExcelTest status=SUCCESS method=BNSPageTest.ExcelTest(java.lang.String,java.lang.String,java.lang.String,java.lang.String,java.lang.String,java.lang.String,java.lang.String,java.lang.String,java.lang.String)[pri:0, instance:com.TestCases.BNSPageTest@bae7dc0] output={null}]]]>
              </value>
            </param>
          </params>
          <reporter-output>
          </reporter-output>
        </test-method> <!-- teatdown -->
        <test-method signature="ExcelTest(java.lang.String,java.lang.String,java.lang.String,java.lang.String,java.lang.String,java.lang.String,java.lang.String,java.lang.String,java.lang.String)[pri:0, instance:com.TestCases.BNSPageTest@bae7dc0]" started-at="2021-05-17T17:35:58 EDT" name="ExcelTest" data-provider="bnsdata" finished-at="2021-05-17T17:36:04 EDT" duration-ms="6363" status="PASS">
          <params>
            <param index="0">
              <value>
                <![CDATA[Ataur]]>
              </value>
            </param>
            <param index="1">
              <value>
                <![CDATA[Tarfader]]>
              </value>
            </param>
            <param index="2">
              <value>
                <![CDATA[ataur@yahoo.com]]>
              </value>
            </param>
            <param index="3">
              <value>
                <![CDATA[ata323]]>
              </value>
            </param>
            <param index="4">
              <value>
                <![CDATA[347-344-3496]]>
              </value>
            </param>
            <param index="5">
              <value>
                <![CDATA[Jul]]>
              </value>
            </param>
            <param index="6">
              <value>
                <![CDATA[16]]>
              </value>
            </param>
            <param index="7">
              <value>
                <![CDATA[2007]]>
              </value>
            </param>
            <param index="8">
              <value>
                <![CDATA[Male]]>
              </value>
            </param>
          </params>
          <reporter-output>
          </reporter-output>
        </test-method> <!-- ExcelTest -->
        <test-method is-config="true" signature="teatdown(org.testng.ITestResult)[pri:0, instance:com.TestCases.BNSPageTest@bae7dc0]" started-at="2021-05-17T17:36:04 EDT" name="teatdown" finished-at="2021-05-17T17:36:04 EDT" duration-ms="0" status="PASS">
          <params>
            <param index="0">
              <value>
                <![CDATA[[TestResult name=ExcelTest status=SUCCESS method=BNSPageTest.ExcelTest(java.lang.String,java.lang.String,java.lang.String,java.lang.String,java.lang.String,java.lang.String,java.lang.String,java.lang.String,java.lang.String)[pri:0, instance:com.TestCases.BNSPageTest@bae7dc0] output={null}]]]>
              </value>
            </param>
          </params>
          <reporter-output>
          </reporter-output>
        </test-method> <!-- teatdown -->
        <test-method signature="ExcelTest(java.lang.String,java.lang.String,java.lang.String,java.lang.String,java.lang.String,java.lang.String,java.lang.String,java.lang.String,java.lang.String)[pri:0, instance:com.TestCases.BNSPageTest@bae7dc0]" started-at="2021-05-17T17:36:04 EDT" name="ExcelTest" data-provider="bnsdata" finished-at="2021-05-17T17:36:11 EDT" duration-ms="6814" status="PASS">
          <params>
            <param index="0">
              <value>
                <![CDATA[Farhana]]>
              </value>
            </param>
            <param index="1">
              <value>
                <![CDATA[Zaman]]>
              </value>
            </param>
            <param index="2">
              <value>
                <![CDATA[farhna@gmail.com]]>
              </value>
            </param>
            <param index="3">
              <value>
                <![CDATA[321farhan]]>
              </value>
            </param>
            <param index="4">
              <value>
                <![CDATA[347-344-3497]]>
              </value>
            </param>
            <param index="5">
              <value>
                <![CDATA[Aug]]>
              </value>
            </param>
            <param index="6">
              <value>
                <![CDATA[17]]>
              </value>
            </param>
            <param index="7">
              <value>
                <![CDATA[2003]]>
              </value>
            </param>
            <param index="8">
              <value>
                <![CDATA[Female]]>
              </value>
            </param>
          </params>
          <reporter-output>
          </reporter-output>
        </test-method> <!-- ExcelTest -->
        <test-method is-config="true" signature="teatdown(org.testng.ITestResult)[pri:0, instance:com.TestCases.BNSPageTest@bae7dc0]" started-at="2021-05-17T17:36:11 EDT" name="teatdown" finished-at="2021-05-17T17:36:11 EDT" duration-ms="1" status="PASS">
          <params>
            <param index="0">
              <value>
                <![CDATA[[TestResult name=ExcelTest status=SUCCESS method=BNSPageTest.ExcelTest(java.lang.String,java.lang.String,java.lang.String,java.lang.String,java.lang.String,java.lang.String,java.lang.String,java.lang.String,java.lang.String)[pri:0, instance:com.TestCases.BNSPageTest@bae7dc0] output={null}]]]>
              </value>
            </param>
          </params>
          <reporter-output>
          </reporter-output>
        </test-method> <!-- teatdown -->
        <test-method is-config="true" signature="teardown()[pri:0, instance:com.TestCases.BNSPageTest@bae7dc0]" started-at="2021-05-17T17:36:11 EDT" name="teardown" finished-at="2021-05-17T17:36:13 EDT" duration-ms="1497" status="PASS">
          <reporter-output>
          </reporter-output>
        </test-method> <!-- teardown -->
      </class> <!-- com.TestCases.BNSPageTest -->
    </test> <!-- Default test -->
  </suite> <!-- Default suite -->
</testng-results>
