<?xml version="1.0" encoding="UTF-8"?>
<!-- Generated by org.testng.reporters.JUnitXMLReporter -->
<testsuite ignored="0" hostname="LAPTOP-2GMD4EUC" failures="0" tests="8" name="Default test" time="69.333" errors="0" timestamp="2021-05-17T17:36:13 EDT">
  <testcase classname="com.TestCases.BNSPageTest" name="ExcelTest" time="14.403"/>
  <testcase classname="com.TestCases.BNSPageTest" name="ExcelTest" time="7.057"/>
  <testcase classname="com.TestCases.BNSPageTest" name="ExcelTest" time="6.676"/>
  <testcase classname="com.TestCases.BNSPageTest" name="ExcelTest" time="6.231"/>
  <testcase classname="com.TestCases.BNSPageTest" name="ExcelTest" time="6.171"/>
  <testcase classname="com.TestCases.BNSPageTest" name="ExcelTest" time="6.163"/>
  <testcase classname="com.TestCases.BNSPageTest" name="ExcelTest" time="6.363"/>
  <testcase classname="com.TestCases.BNSPageTest" name="ExcelTest" time="6.814"/>
</testsuite> <!-- Default test -->
